<?xml version="1.0" encoding="UTF-8"?>
<!-- Generated by org.testng.reporters.JUnitReportReporter -->
<testsuite skipped="2" hostname="LAPTOP-L3V1GTL6" name="testcase.Read" tests="2" failures="0" timestamp="04 Apr 2021 07:14:26 GMT" time="0.000" errors="0">
  <testcase name="exceldata1" time="0.000" classname="testcase.Read">
    <skipped/>
  </testcase> <!-- exceldata1 -->
  <testcase name="browserdata" time="0.000" classname="testcase.Read">
    <skipped/>
  </testcase> <!-- browserdata -->
</testsuite> <!-- testcase.Read -->
